<?xml version="1.0" encoding="UTF-8"?>
<testng-results ignored="0" total="3" passed="3" failed="0" skipped="0">
  <reporter-output>
  </reporter-output>
  <suite started-at="2022-11-29T23:47:41 IST" name="Default suite" finished-at="2022-11-29T23:47:50 IST" duration-ms="8957">
    <groups>
    </groups>
    <test started-at="2022-11-29T23:47:41 IST" name="Default test" finished-at="2022-11-29T23:47:50 IST" duration-ms="8957">
      <class name="gitex.TestFrames">
        <test-method is-config="true" signature="beforeClass()[pri:0, instance:gitex.TestFrames@7880cdf3]" started-at="2022-11-29T23:47:41 IST" name="beforeClass" finished-at="2022-11-29T23:47:43 IST" duration-ms="2878" status="PASS">
          <reporter-output>
          </reporter-output>
        </test-method> <!-- beforeClass -->
        <test-method signature="TestLaunchFrames()[pri:1, instance:gitex.TestFrames@7880cdf3]" started-at="2022-11-29T23:47:43 IST" name="TestLaunchFrames" finished-at="2022-11-29T23:47:45 IST" duration-ms="1282" status="PASS">
          <reporter-output>
          </reporter-output>
        </test-method> <!-- TestLaunchFrames -->
        <test-method signature="TestFramesinPage()[pri:2, instance:gitex.TestFrames@7880cdf3]" started-at="2022-11-29T23:47:45 IST" name="TestFramesinPage" finished-at="2022-11-29T23:47:45 IST" depends-on-methods="gitex.TestFrames.TestLaunchFrames" duration-ms="36" status="PASS">
          <reporter-output>
          </reporter-output>
        </test-method> <!-- TestFramesinPage -->
        <test-method signature="TestFrameNavigation()[pri:3, instance:gitex.TestFrames@7880cdf3]" started-at="2022-11-29T23:47:45 IST" name="TestFrameNavigation" finished-at="2022-11-29T23:47:49 IST" depends-on-methods="gitex.TestFrames.TestFramesinPage" duration-ms="3929" status="PASS">
          <reporter-output>
          </reporter-output>
        </test-method> <!-- TestFrameNavigation -->
        <test-method is-config="true" signature="afterClass()[pri:0, instance:gitex.TestFrames@7880cdf3]" started-at="2022-11-29T23:47:49 IST" name="afterClass" finished-at="2022-11-29T23:47:50 IST" duration-ms="791" status="PASS">
          <reporter-output>
          </reporter-output>
        </test-method> <!-- afterClass -->
      </class> <!-- gitex.TestFrames -->
    </test> <!-- Default test -->
  </suite> <!-- Default suite -->
</testng-results>
