<?xml version="1.0" encoding="UTF-8"?>
<!-- Generated by org.testng.reporters.JUnitXMLReporter -->
<testsuite ignored="0" hostname="LAPTOP-FAGHE0E7" failures="0" tests="3" name="Default test" time="8.957" errors="0" timestamp="2022-11-29T23:47:50 IST">
  <testcase classname="gitex.TestFrames" name="TestLaunchFrames" time="1.282"/>
  <testcase classname="gitex.TestFrames" name="TestFramesinPage" time="0.036"/>
  <testcase classname="gitex.TestFrames" name="TestFrameNavigation" time="3.929"/>
</testsuite> <!-- Default test -->
